\BOOKMARK [1][-]{section.1}{Introduzione}{}% 1
\BOOKMARK [2][-]{subsection.1.1}{Definizione di usabilit\340}{section.1}% 2
\BOOKMARK [2][-]{subsection.1.2}{Scopo del documento}{section.1}% 3
\BOOKMARK [1][-]{section.2}{Analisi preliminare}{}% 4
\BOOKMARK [2][-]{subsection.2.1}{Contesto}{section.2}% 5
\BOOKMARK [2][-]{subsection.2.2}{Struttura}{section.2}% 6
\BOOKMARK [1][-]{section.3}{Homepage}{}% 7
\BOOKMARK [2][-]{subsection.3.1}{Considerazioni generali}{section.3}% 8
\BOOKMARK [2][-]{subsection.3.2}{Le 6 W}{section.3}% 9
\BOOKMARK [3][-]{subsubsection.3.2.1}{Where}{subsection.3.2}% 10
\BOOKMARK [3][-]{subsubsection.3.2.2}{Who}{subsection.3.2}% 11
\BOOKMARK [3][-]{subsubsection.3.2.3}{Why}{subsection.3.2}% 12
\BOOKMARK [3][-]{subsubsection.3.2.4}{What}{subsection.3.2}% 13
\BOOKMARK [3][-]{subsubsection.3.2.5}{When}{subsection.3.2}% 14
\BOOKMARK [3][-]{subsubsection.3.2.6}{How}{subsection.3.2}% 15
\BOOKMARK [4][-]{paragraph.3.2.6.1}{Primo men\371 di navigazione}{subsubsection.3.2.6}% 16
\BOOKMARK [5][-]{subparagraph.3.2.6.1.1}{Voci}{paragraph.3.2.6.1}% 17
\BOOKMARK [5][-]{subparagraph.3.2.6.1.2}{Sottomen\371}{paragraph.3.2.6.1}% 18
\BOOKMARK [4][-]{paragraph.3.2.6.2}{Secondo men\371 di navigazione}{subsubsection.3.2.6}% 19
\BOOKMARK [5][-]{subparagraph.3.2.6.2.1}{Voci}{paragraph.3.2.6.2}% 20
\BOOKMARK [4][-]{paragraph.3.2.6.3}{Riferimenti nel corpo}{subsubsection.3.2.6}% 21
\BOOKMARK [1][-]{section.4}{Contenuto}{}% 22
\BOOKMARK [2][-]{subsection.4.1}{Pagina di una ricetta}{section.4}% 23
\BOOKMARK [3][-]{subsubsection.4.1.1}{Descrizione generale}{subsection.4.1}% 24
\BOOKMARK [3][-]{subsubsection.4.1.2}{Le 6 W}{subsection.4.1}% 25
\BOOKMARK [4][-]{paragraph.4.1.2.1}{Where}{subsubsection.4.1.2}% 26
\BOOKMARK [4][-]{paragraph.4.1.2.2}{Who}{subsubsection.4.1.2}% 27
\BOOKMARK [4][-]{paragraph.4.1.2.3}{Why}{subsubsection.4.1.2}% 28
\BOOKMARK [4][-]{paragraph.4.1.2.4}{What}{subsubsection.4.1.2}% 29
\BOOKMARK [4][-]{paragraph.4.1.2.5}{When}{subsubsection.4.1.2}% 30
\BOOKMARK [4][-]{paragraph.4.1.2.6}{How}{subsubsection.4.1.2}% 31
\BOOKMARK [3][-]{subsubsection.4.1.3}{Schermate}{subsection.4.1}% 32
\BOOKMARK [2][-]{subsection.4.2}{404}{section.4}% 33
\BOOKMARK [1][-]{section.5}{Strumenti: ricerca}{}% 34
\BOOKMARK [2][-]{subsection.5.1}{Pagina dei risultati}{section.5}% 35
\BOOKMARK [1][-]{section.6}{Pubblicit\340}{}% 36
\BOOKMARK [1][-]{section.7}{Valutazione}{}% 37
